[dotenv@17.3.1] injecting env (25) from .env -- tip: 🔐 encrypt with Dotenvx: https://dotenvx.com

Running 29 tests using 1 worker

[1A[2K[dotenv@17.3.1] injecting env (0) from .env -- tip: 🔐 encrypt with Dotenvx: https://dotenvx.com

[1A[2K[1/29] [data-setup] › tests/tests/setup/data.setup.ts:76:1 › import test dataset
[1A[2K[dotenv@17.3.1] injecting env (0) from .env -- tip: 🔐 prevent building .env in docker: https://dotenvx.com/prebuild

[1A[2K[2/29] [auth-setup] › tests/tests/setup/auth.setup.ts:66:1 › authenticate as candidate
[1A[2K[3/29] [auth-setup] › tests/tests/setup/re-auth.setup.ts:20:1 › re-authenticate as candidate
[1A[2K[dotenv@17.3.1] injecting env (0) from .env -- tip: 🔐 encrypt with Dotenvx: https://dotenvx.com

[1A[2K[4/29] [candidate-app] › tests/tests/specs/candidate/candidate-auth.spec.ts:19:3 › candidate authentication › should login with valid credentials @candidate @smoke
[1A[2K[5/29] [candidate-app] › tests/tests/specs/candidate/candidate-auth.spec.ts:33:3 › candidate authentication › should show error on invalid credentials @candidate @smoke
[1A[2K[6/29] [candidate-app] › tests/tests/specs/candidate/candidate-questions.spec.ts:27:3 › candidate opinion questions › should display question cards organized by category (CAND-05) @candidate
[1A[2K[7/29] [candidate-app] › tests/tests/specs/candidate/candidate-questions.spec.ts:55:3 › candidate opinion questions › should answer a Likert opinion question and save (CAND-04) @candidate
[1A[2K[8/29] [candidate-app] › tests/tests/specs/candidate/candidate-questions.spec.ts:88:3 › candidate opinion questions › should navigate between categories (CAND-05) @candidate
[1A[2K[9/29] [candidate-app] › tests/tests/specs/candidate/candidate-questions.spec.ts:117:3 › candidate opinion questions › should edit a previously answered question (CAND-05) @candidate
[1A[2K[10/29] [candidate-app] › tests/tests/specs/candidate/candidate-questions.spec.ts:154:3 › candidate opinion questions › should persist question answers after page reload (CAND-12) @candidate
[1A[2K[11/29] [candidate-app] › tests/tests/specs/candidate/candidate-questions.spec.ts:192:3 › candidate opinion questions › should persist comment text on a question after page reload (CAND-12) @candidate
[1A[2K[12/29] [candidate-app] › tests/tests/specs/candidate/candidate-questions.spec.ts:239:3 › candidate preview › should display entered profile and opinion data on preview page (CAND-06) @candidate
[1A[2K[13/29] [candidate-app] › tests/tests/specs/candidate/candidate-questions.spec.ts:262:3 › candidate preview › should show specific candidate data (name or answered question) in preview (CAND-06) @candidate
[1A[2K[14/29] [candidate-app] › tests/tests/specs/candidate/candidate-translation.spec.ts:27:3 › candidate translation surface (E2E-01) › multilocale candidate authors a translation and the value persists across reload @candidate
[1A[2K[dotenv@17.3.1] injecting env (0) from .env -- tip: 🛠️  run anywhere with `dotenvx run -- yourcommand`

[1A[2K[15/29] [candidate-app-mutation] › tests/tests/specs/candidate/candidate-profile-validation.spec.ts:146:5 › A11Y-01 candidate profile validation › A11Y-01 image-type rejection surfaces invalidFile error @candidate
[1A[2K[16/29] [candidate-app-mutation] › tests/tests/specs/candidate/candidate-profile-validation.spec.ts:146:5 › A11Y-01 candidate profile validation › A11Y-01 image-size rejection surfaces oversizeFile error @candidate
[1A[2K[17/29] [candidate-app-mutation] › tests/tests/specs/candidate/candidate-profile-validation.spec.ts:214:5 › A11Y-01 candidate profile validation › A11Y-01 name-too-long caps input value at maxlength=50 on display-name @candidate
[1A[2K[18/29] [candidate-app-mutation] › tests/tests/specs/candidate/candidate-profile.spec.ts:102:3 › candidate profile (fresh candidate) › should register the fresh candidate via email link @candidate
[1A[2K[19/29] [candidate-app-mutation] › tests/tests/specs/candidate/candidate-profile.spec.ts:164:3 › candidate profile (fresh candidate) › should upload a profile image (CAND-03) @candidate
[1A[2K  1) [candidate-app-mutation] › tests/tests/specs/candidate/candidate-profile.spec.ts:164:3 › candidate profile (fresh candidate) › should upload a profile image (CAND-03) @candidate 

    [31mTest timeout of 90000ms exceeded.[39m

    Error: page.waitForEvent: Test timeout of 90000ms exceeded.
    =========================== logs ===========================
    waiting for event "filechooser"
    ============================================================

       at pages/candidate/ProfilePage.ts:25

      23 |    */
      24 |   async uploadImage(filePath: string): Promise<void> {
    > 25 |     const fileChooserPromise = this.page.waitForEvent('filechooser');
         |                                          ^
      26 |     // Click the inner interactive label, not the outer container.
      27 |     // reason: the Input/type="image" component renders a presentational <label tabindex="0">
      28 |     // wrapping a hidden <input type="file">. The label has no implicit ARIA role and no
        at ProfilePage.uploadImage (/Users/kallejarvenpaa/Desktop/OpenVAA/voting-advice-application-gsd/tests/tests/pages/candidate/ProfilePage.ts:25:42)
        at /Users/kallejarvenpaa/Desktop/OpenVAA/voting-advice-application-gsd/tests/tests/specs/candidate/candidate-profile.spec.ts:174:23

    Error: locator.click: Test timeout of 90000ms exceeded.
    Call log:
    [2m  - waiting for getByTestId('profile-image-upload').locator('label[tabindex="0"]')[22m


       at pages/candidate/ProfilePage.ts:34

      32 |     // element or no element. Scoped to the imageUpload testId so this stays narrow.
      33 |     // eslint-disable-next-line playwright/no-raw-locators
    > 34 |     await this.imageUpload.locator('label[tabindex="0"]').click();
         |                                                           ^
      35 |     const fileChooser = await fileChooserPromise;
      36 |     await fileChooser.setFiles(filePath);
      37 |   }
        at ProfilePage.uploadImage (/Users/kallejarvenpaa/Desktop/OpenVAA/voting-advice-application-gsd/tests/tests/pages/candidate/ProfilePage.ts:34:59)
        at /Users/kallejarvenpaa/Desktop/OpenVAA/voting-advice-application-gsd/tests/tests/specs/candidate/candidate-profile.spec.ts:174:23

    Error Context: tests/playwright-results/candidate-profile-candidat-c600e-ad-a-profile-image-CAND-03--candidate-app-mutation/error-context.md

    attachment #2: trace (application/zip) ─────────────────────────────────────────────────────────
    tests/playwright-results/candidate-profile-candidat-c600e-ad-a-profile-image-CAND-03--candidate-app-mutation/trace.zip
    Usage:

        yarn playwright show-trace tests/playwright-results/candidate-profile-candidat-c600e-ad-a-profile-image-CAND-03--candidate-app-mutation/trace.zip

    ────────────────────────────────────────────────────────────────────────────────────────────────


[1A[2K[20/29] [candidate-app-mutation] › tests/tests/specs/candidate/candidate-profile.spec.ts:184:3 › candidate profile (fresh candidate) › should show editable info fields on profile page (CAND-03) @candidate
[1A[2K[21/29] [candidate-app-mutation] › tests/tests/specs/candidate/candidate-profile.spec.ts:198:3 › candidate profile (fresh candidate) › should persist profile image after page reload (CAND-12) @candidate
[1A[2K[22/29] [candidate-app-mutation] › tests/tests/specs/candidate/candidate-profile.spec.ts:221:3 › candidate profile (fresh candidate) › A11Y-02 should persist display name after page reload @candidate
[1A[2K[23/29] [candidate-app-mutation] › tests/tests/specs/candidate/candidate-profile.spec.ts:258:3 › candidate profile (fresh candidate) › A11Y-02 should persist bio after page reload @candidate
[1A[2K[24/29] [candidate-app-mutation] › tests/tests/specs/candidate/candidate-profile.spec.ts:284:3 › candidate profile (fresh candidate) › A11Y-02 should persist social link after page reload @candidate
[1A[2K[dotenv@17.3.1] injecting env (0) from .env -- tip: ⚙️  override existing env vars with { override: true }

[1A[2K[25/29] [candidate-app-mutation] › tests/tests/specs/candidate/candidate-registration.spec.ts:30:3 › candidate registration via email › should send registration email and extract link @candidate
[1A[2K[candidate-app-mutation] › tests/tests/specs/candidate/candidate-registration.spec.ts:30:3 › candidate registration via email › should send registration email and extract link @candidate
[REG] Callback URL: http://localhost:5173/en/candidate/auth/callback?token_hash=7dc454884e2553da14a72a65097ac7650ccead286dd36c2a4de3c7bf&type=invite

[1A[2K[26/29] [candidate-app-mutation] › tests/tests/specs/candidate/candidate-registration.spec.ts:62:3 › candidate registration via email › should complete registration via email link @candidate
[1A[2K[27/29] [candidate-app-mutation] › tests/tests/specs/candidate/candidate-registration.spec.ts:116:3 › candidate password reset › should complete forgot-password and reset flow via Inbucket email @candidate
[1A[2K[dotenv@17.3.1] injecting env (0) from .env -- tip: 🔐 prevent committing .env to code: https://dotenvx.com/precommit

[1A[2K[28/29] [data-teardown] › tests/tests/setup/data.teardown.ts:17:1 › delete test dataset
[1A[2K[29/29] [data-teardown] › tests/tests/setup/variant-data.teardown.ts:12:1 › delete variant test dataset
[1A[2K  1 failed
    [candidate-app-mutation] › tests/tests/specs/candidate/candidate-profile.spec.ts:164:3 › candidate profile (fresh candidate) › should upload a profile image (CAND-03) @candidate 
  5 did not run
  23 passed (2.2m)
